================================================================================
SIMULATION OVERHAUL IMPLEMENTATION LOG
TSA SCT 2026 - V6 Chamber-Drop Architecture
Generated: 2026-04-02
================================================================================

TABLE OF CONTENTS
=================
1. PROBLEM STATEMENT
2. APPROACH OVERVIEW
3. V6 ARCHITECTURE SUMMARY
4. IMPLEMENTATION TODOS (31 tasks, 8 phases)
5. DEPENDENCY GRAPH
6. IMPLEMENTATION NOTES
7. CRITICAL PARAMETERS
8. TIMING BUDGET
9. COMMIT STRATEGY
10. REFERENCE CODE


================================================================================
1. PROBLEM STATEMENT
================================================================================

The current simulation/ directory models the V1 belt-pusher architecture from
archive2/v1_belt_pusher/. This design used:
- Timing-based sorting with 3 solenoid pushers on belt
- Stepper escapement cam for brick release
- Sensing on moving belt (chute exit sensor)
- Critical timing dependencies (belt position calculated for pusher fire)

The V6 chamber-drop architecture (current design) is fundamentally different:
- Static isolation chamber with trapdoor mechanism
- Token-based single-brick constraint (physically enforced geometry)
- Static sensing (belt OFF, brick seated against stop wall)
- Pre-committed routing via 4-position chute selector disc
- Class 3 lever actuated by solenoid for gravity drop
- Zero timing dependencies (correctness enforced by geometry and state)

GOAL: Replace V1 simulation with V6 simulation that accurately models the new
      architecture for timing validation, thermal prediction, and speed tuning.


================================================================================
2. APPROACH OVERVIEW
================================================================================

1. Archive current simulation - move to archive with reference note
2. Design V6 simulation model - define discrete event model matching V6 state machine
3. Build core simulation engine - implement state transitions and timing calculations
4. Build visualization layer - canvas rendering of chamber, trapdoor, disc, bins
5. Build UI controls - parameter sliders matching firmware config.h
6. Add thermal model - heat accumulation from stepper and solenoid
7. Add replay capability - CSV log parser for real run data
8. Add test suite - verify routing, thermal, and state machine logic
9. Build and bundle - single-file HTML output


================================================================================
3. V6 ARCHITECTURE SUMMARY
================================================================================

STATE MACHINE FLOW:
IDLE -> FEED -> APPROACH -> SEATED -> SENSING -> INDEXED -> RELEASED -> CONFIRM -> RESET -> IDLE
                                                                                    |
                                                                             COMPLETE (after brick 24)
                                                      ERROR_HALT from any state on fault

KEY STATE PHASES TO MODEL:
1. FEED: Belt on, brick travels from entry beam to stop switch (FEED_TIMEOUT_MS)
2. APPROACH: Entry beam triggered, brick pushed to stop wall (APPROACH_TIMEOUT_MS)
3. SEATED: Stop switch active, belt OFF, settle delay (SETTLE_MS)
4. SENSING: Read size beams, accumulate color samples (COLOR_TIMEOUT_MS, COLOR_SAMPLE_COUNT)
5. INDEXED: Stepper rotates disc to target bin (ramp profile, StallGuard monitor)
6. RELEASED: Solenoid fires, lever sweeps, platform drops, brick falls (SOLENOID_ON_MS + FALL_SETTLE_MS)
7. CONFIRM: Monitor bin beam for arrival (BIN_CONFIRM_TIMEOUT_MS)
8. RESET: Platform return, token restore, brick_count++

BIN ASSIGNMENTS:
- Bin 1 (NW, 315deg): 2x2 red, count 6
- Bin 2 (NE, 45deg): 2x2 blue, count 6
- Bin 3 (SE, 135deg): 2x3 blue, count 8
- Bin 4 (SW DEFAULT, 225deg): 2x3 red, count 4

SENSING:
- Size: Dual IR break-beams at X=5mm and X=21mm, 16mm spacing
  Both LOW = 2x3, else = 2x2
- Color: TCS34725 through 12mm x 12mm window with black shroud
  R/(R+G+B) ratio averaged over COLOR_SAMPLE_COUNT samples


================================================================================
4. IMPLEMENTATION TODOS (31 tasks, 8 phases)
================================================================================

PHASE 1: ARCHIVE AND SETUP
---------------------------
[1] archive-current-sim
    Status: pending
    Dependencies: none
    Description: Move simulation/ to archive2/v1_belt_pusher_simulation/ with
                 README explaining it was for the old belt-pusher design. Note
                 it is valuable reference for thermal model, build system, and
                 UI patterns.

[2] create-sim-structure
    Status: pending
    Dependencies: archive-current-sim
    Description: Create simulation/ with subdirs: src/, dist/, plus
                 template.html, style.css, build.sh. No source files yet, just
                 scaffolding.

[3] document-sim-scope
    Status: pending
    Dependencies: create-sim-structure
    Description: Create simulation/README.md documenting that this models V6
                 chamber-drop architecture, what it does model (state timing,
                 thermal), what it does not model (physics, sensor noise).


PHASE 2: CORE ENGINE
--------------------
[4] implement-defaults
    Status: pending
    Dependencies: create-sim-structure
    Description: Create src/defaults.js with DEFAULTS object matching firmware
                 config.h V6 parameters and SECTIONS array for UI control
                 generation. Sync with config.h.

[5] implement-state-machine
    Status: pending
    Dependencies: implement-defaults
    Description: Create src/state_machine.js modeling V6 states: IDLE, FEED,
                 APPROACH, SEATED, SENSING, INDEXED, RELEASED, CONFIRM, RESET,
                 COMPLETE, ERROR_HALT. Export state transition helpers.

[6] implement-sequence-gen
    Status: pending
    Dependencies: implement-defaults
    Description: Create src/sequence.js with generateSequence(params,
                 sequenceType) returning array of 24 brick types: interleaved,
                 worst_case, default_first, random orderings.

[7] implement-simulation-core
    Status: pending
    Dependencies: implement-state-machine, implement-sequence-gen
    Description: Create src/simulation.js with computeSimulation(params)
                 discrete event engine. Process state machine, emit timestamped
                 events, track brick progress, detect errors.

[8] implement-timing-calcs
    Status: pending
    Dependencies: implement-simulation-core
    Description: In src/simulation.js add timing for: belt feed time
                 (distance/speed), stepper index time (steps/sps with accel),
                 fall time, confirm timeout. Use V6 timing budget from
                 ARCHITECTURE.md.


PHASE 3: THERMAL MODEL
----------------------
[9] implement-thermal-model
    Status: pending
    Dependencies: implement-defaults
    Description: Create src/thermal.js with heat accumulation from stepper
                 steps and solenoid fires, exponential decay with cooling rate,
                 misfireProbability() based on heat level. Reference archive2
                 thermal.js structure.

[10] add-thermal-warnings
     Status: pending
     Dependencies: implement-thermal-model
     Description: In src/thermal.js add WARN and DANGER threshold checks. Emit
                  warning events when thresholds exceeded. Model automatic rate
                  limiting when thermal state degrades.


PHASE 4: VISUALIZATION
----------------------
[11] implement-canvas-base
     Status: pending
     Dependencies: implement-defaults
     Description: Create src/canvas.js with base rendering: chamber walls,
                  stop wall, platform with hinge, lever arm, sensing zone
                  indicators (size beams, color window). Use 2D context, simple
                  geometry.

[12] add-disc-rendering
     Status: pending
     Dependencies: implement-canvas-base
     Description: In src/canvas.js add disc rendering: 100mm diameter disc with
                  4 funnel openings at NW/NE/SE/SW (45deg offsets), rotation
                  animation to show indexing, home position indicator.

[13] add-brick-rendering
     Status: pending
     Dependencies: implement-canvas-base
     Description: In src/canvas.js add brick rendering: 2x2 (15.8mm) vs 2x3
                  (23.7mm) sized rectangles, red/blue color, position in
                  chamber, falling through disc funnel, landing in bins.

[14] add-trapdoor-animation
     Status: pending
     Dependencies: implement-canvas-base
     Description: In src/canvas.js add platform drop animation (lever sweeps,
                  far edge unsupported, platform rotates down about hinge),
                  return animation (springs restore level), lever tip
                  re-engages tab.

[15] add-bin-rendering
     Status: pending
     Dependencies: implement-canvas-base
     Description: In src/canvas.js add 4 bins at NW/NE/SE/SW positions, labels
                  (2x2 RED, 2x2 BLUE, 2x3 BLUE, 2x3 RED), counters showing
                  accumulated bricks, confirm beam indicators.

[16] add-error-overlay
     Status: pending
     Dependencies: implement-canvas-base
     Description: In src/canvas.js add drawErrorHaltOverlay() for full-canvas
                  red overlay with error code, brick number, timestamp when
                  ERROR_HALT state triggered.


PHASE 5: UI AND CONTROLS
-------------------------
[17] implement-controls
     Status: pending
     Dependencies: implement-defaults
     Description: Create src/controls.js with buildControls() generating
                  sliders from SECTIONS array in defaults.js. Handle value
                  changes, reset to defaults, live update simulation.

[18] implement-tabs
     Status: pending
     Dependencies: create-sim-structure
     Description: Create src/tabs.js with switchTab() for Overview, Timeline,
                  Brick Log, Warnings tabs. Timeline shows event log, Brick Log
                  shows per-brick table with timing/category/bin.

[19] implement-metrics
     Status: pending
     Dependencies: implement-simulation-core
     Description: Create src/metrics.js with updateMetrics() showing run
                  statistics: total time, bricks/sec, bin counts vs expected,
                  thermal peak, errors. showRunSummary() for end-of-run report.

[20] add-warnings-tab
     Status: pending
     Dependencies: implement-defaults
     Description: Create src/warnings.js with computeWarnings() checking
                  parameter combinations: belt capacity vs feed rate, color
                  sample count, stepper thermal, bin overflow risk. Display in
                  Warnings tab.


PHASE 6: REPLAY AND TESTING
----------------------------
[21] implement-csv-replay
     Status: pending
     Dependencies: implement-simulation-core
     Description: Create src/replay.js with parseReplayCSV() to load firmware
                  serial log CSV (brick, ts_enter_ms, ts_confirm_ms, size,
                  color, bin, thermal_state columns). buildReplayEvents() drives
                  animation from real timestamps.

[22] create-test-suite
     Status: pending
     Dependencies: implement-simulation-core, implement-thermal-model
     Description: Create tests/simulator.test.js (ES module, run with node)
                  testing: state machine transitions, timing calculations,
                  thermal model (decay, thresholds), sequence generation
                  (counts, orderings), routing correctness.

[23] add-test-runner-docs
     Status: pending
     Dependencies: create-test-suite
     Description: In README.md add section on running tests: requires Node.js
                  18+, create package.json with {"type":"module"}, run node
                  tests/simulator.test.js. Document expected test coverage.


PHASE 7: BUILD SYSTEM
---------------------
[24] create-build-script
     Status: pending
     Dependencies: create-sim-structure
     Description: Create build.sh using npx esbuild to bundle src/main.js into
                  dist/bundle.js (IIFE format). No package.json needed, esbuild
                  pulled via npx.

[25] create-template
     Status: pending
     Dependencies: create-sim-structure
     Description: Create template.html with HTML structure and placeholders
                  INLINE_CSS and INLINE_JS for build script to inject bundled
                  content. Include canvas element, controls container, tabs.

[26] integrate-styles
     Status: pending
     Dependencies: create-sim-structure
     Description: Create style.css with all simulator styling: layout,
                  controls, tabs, canvas, bins, warnings, error overlay. Clean,
                  readable, works standalone when inlined.

[27] generate-bundle
     Status: pending
     Dependencies: implement-simulation-core, implement-canvas-base,
                   implement-controls, create-build-script, create-template,
                   integrate-styles
     Description: Create src/main.js as entry point wiring all modules
                  together. Run build.sh to produce simulator.html. Verify it
                  is self-contained and works by double-click.

[28] test-bundle
     Status: pending
     Dependencies: generate-bundle
     Description: Open simulator.html in browser, verify: canvas renders,
                  controls work, simulation runs, tabs switch, no console
                  errors. Test offline to confirm no external dependencies.


PHASE 8: DOCUMENTATION
----------------------
[29] create-config-reference
     Status: pending
     Dependencies: implement-defaults
     Description: Create CONFIG_REFERENCE.md documenting every V6 parameter in
                  defaults.js: what it controls, units, range, tuning strategy,
                  how it affects simulation. Match firmware config.h definitions.

[30] document-v6-differences
     Status: pending
     Dependencies: document-sim-scope
     Description: In README.md add section explaining how V6 simulation differs
                  from archived V1: state-based vs timing-based, chamber vs
                  belt, trapdoor vs pushers, geometry vs timing for correctness.

[31] add-calibration-guide
     Status: pending
     Dependencies: implement-simulation-core
     Description: In README.md or CONFIG_REFERENCE.md add guide: how to use
                  simulator to tune speeds (stepper sps, belt mm/s), predict
                  thermal behavior, validate timing budget before firmware
                  implementation.


================================================================================
5. DEPENDENCY GRAPH
================================================================================

READY TO START (no dependencies):
  - archive-current-sim

PHASE 1 CHAIN:
  archive-current-sim -> create-sim-structure -> document-sim-scope
                                |
                                +-> document-v6-differences

PHASE 2 CHAIN:
  create-sim-structure -> implement-defaults -> implement-state-machine -> \
                             |                                              |
                             +-> implement-sequence-gen -> implement-simulation-core -> implement-timing-calcs
                             |                              /                   |
                             |                             /                    +-> implement-metrics
                             |                            /                     +-> implement-csv-replay
                             +-> implement-thermal-model +-> add-thermal-warnings  +-> add-calibration-guide
                             |                           |                      +-> create-test-suite -> add-test-runner-docs
                             +-> implement-canvas-base -> add-disc-rendering
                             |          |
                             |          +-> add-brick-rendering
                             |          +-> add-trapdoor-animation
                             |          +-> add-bin-rendering
                             |          +-> add-error-overlay
                             |
                             +-> implement-controls
                             +-> add-warnings-tab
                             +-> create-config-reference

PHASE 3-5 PARALLEL TRACKS (all depend on implement-defaults):
  Thermal: implement-thermal-model -> add-thermal-warnings
  Canvas: implement-canvas-base -> [5 canvas todos]
  Controls: implement-controls
  Warnings: add-warnings-tab

BUILD CHAIN:
  create-sim-structure -> create-build-script -> \
                       -> create-template      -> generate-bundle -> test-bundle
                       -> integrate-styles    /


================================================================================
6. IMPLEMENTATION NOTES
================================================================================

WHAT THE V6 SIMULATION SHOULD MODEL:
- Discrete event timing for each state transition
- Stepper indexing time based on sps, acceleration, distance
- Solenoid thermal accumulation and cooldown
- Stepper thermal accumulation from continuous motion
- Bin capacity and overflow detection
- Multi-run thermal effects with inter-run gap cooling
- CSV replay from real firmware logs

WHAT THE V6 SIMULATION SHOULD NOT MODEL:
- Fine-grained physics (falling brick trajectory, lever dynamics, spring forces)
- Sensor noise or calibration drift
- Mechanical wear or part tolerance
- Electrical transients or power supply sag

REFERENCE THE OLD SIMULATION FOR:
- Thermal model structure (heat accumulation, exponential decay, misfire probability)
- Build system approach (esbuild bundling, inline CSS/JS into single HTML)
- UI control generation from SECTIONS array
- Canvas animation loop structure
- CSV replay parser structure

SKIP FROM OLD SIMULATION:
- All belt-pusher-specific routing logic (timing-based, V6 is state-based)
- Plow fire timing calculations
- Belt position tracking for pusher activation

OLD SIMULATION LOCATION:
- Will be archived to: archive2/v1_belt_pusher_simulation/
- Reference thermal.js for heat model
- Reference build.sh for bundle process
- Reference src/ structure for module organization


================================================================================
7. CRITICAL PARAMETERS (sync with firmware/src/config.h)
================================================================================

BELT AND TRANSPORT:
- BELT_TARGET_SPEED (mm/s)
- FEED_TIMEOUT_MS
- APPROACH_TIMEOUT_MS

STEPPER (NEMA 11 + TMC2209):
- STEPPER_RUN_SPS
- STEPPER_START_SPS
- STEPPER_ACCEL_SPS
- STEPPER_DECEL_STEPS
- STEPS_PER_REV (200 for full-step NEMA 11, 1.8deg/step)
- RETHOME_PERIOD_BRICKS
- RETHOME_TOLERANCE_STEPS

SENSING:
- SETTLE_MS
- COLOR_SAMPLE_COUNT
- COLOR_TIMEOUT_MS
- COLOR_MIN_SAMPLES
- COLOR_INTEGRATION_MS (TCS34725, min ~2.4ms)
- SIZE_BEAM_1_X (5mm)
- SIZE_BEAM_2_X (21mm)
- BEAM_GAP_MM (16mm)

TRAPDOOR MECHANISM:
- SOLENOID_ON_MS (JF-0530B 6V, lever actuation time)
- FALL_SETTLE_MS (total time: solenoid fire + brick fall + springs return)
- PLATFORM_RETURN_MS (if level sensor installed)

CONFIRMATION:
- BIN_CONFIRM_TIMEOUT_MS

THERMAL MODEL:
- THERMAL_HEAT_PER_STEP (stepper motion heat contribution)
- THERMAL_HEAT_PER_SOLENOID (solenoid fire heat contribution)
- THERMAL_COOLING_PCT (exponential decay rate, 0-100)
- THERMAL_WARN_LEVEL (0.0-1.0, trigger warning)
- THERMAL_DANGER_LEVEL (0.0-1.0, trigger danger/rate limiting)

GEOMETRY:
- BRICK_2x2_MM (15.8mm)
- BRICK_2x3_MM (23.7mm)
- CHAMBER_TO_DISC_MM (vertical drop distance)
- BIN_POSITIONS_DEG (NW=315, NE=45, SE=135, SW=225)

BRICK COUNTS:
- Total: 24
- 2x2 red: 6
- 2x2 blue: 6
- 2x3 blue: 8
- 2x3 red: 4


================================================================================
8. TIMING BUDGET (from ARCHITECTURE.md)
================================================================================

CONSERVATIVE PHASE 1 (proven reliability first):
- Belt deliver (120mm at 100mm/s): 1200ms
- Entry beam + belt stop: 10ms
- Settle: 50ms
- Size beams (instantaneous): 5ms
- Color accumulation (8 samples at 24ms): 192ms
- Classification lock: 1ms
- Stepper index (worst 180deg at 400sps): 2000ms
- Lever fire + brick falls: 208ms
- Platform/lever return: 200ms
- Bin confirm: 50ms
- Token restore + belt restart: 20ms
TOTAL PER BRICK: ~3936ms
24 BRICKS: ~94 seconds

OPTIMIZATION TARGETS (phase 2, after 24/24 proven):
- Stepper to 2000sps: worst case 400ms, saves 1600ms per brick
- Belt to 200mm/s: saves 600ms per brick
- Color samples to 4: saves 96ms per brick
- Overlap stepper indexing with color sensing (parallel operations)

TARGET AFTER OPTIMIZATION: under 10 seconds for 24 bricks


================================================================================
9. COMMIT STRATEGY
================================================================================

GUIDELINES:
- One commit per completed todo (modular, surgical changes)
- Follow COMMIT_GUIDE.log format (action-oriented subjects, no function names)
- Subject line: short, action-oriented, product/behavior framing
- Optional body: why the change was needed, user impact
- No file paths, function names, or variable names in subject
- No tooling or agent references
- No "Co-authored-by" trailers
- Keep wording concise, plain, ASCII-only

GOOD EXAMPLES FOR THIS PROJECT:
- "add V6 state machine discrete event model"
- "add chute selector disc rendering with rotation"
- "add thermal accumulation for stepper and solenoid"
- "add CSV replay parser for firmware logs"
- "add parameter validation warnings"

BAD EXAMPLES:
- "update src/simulation.js to add computeSimulation()"
- "fix bug in thermal model"
- "WIP simulation changes"
- "agent-generated simulation overhaul"


================================================================================
10. REFERENCE CODE
================================================================================

OLD SIMULATION (to be archived):
  Location: simulation/ (current)
  Archive to: archive2/v1_belt_pusher_simulation/
  
  REUSABLE COMPONENTS:
  - src/thermal.js: decayHeat(), coolingPctToRate(), misfireProbability()
  - build.sh: esbuild bundling, inline CSS/JS into HTML
  - src/defaults.js: DEFAULTS object, SECTIONS array structure
  - src/controls.js: slider generation from SECTIONS
  - src/canvas.js: animation loop, event processing
  - src/replay.js: CSV parsing, event replay

  SKIP COMPONENTS:
  - src/simulation.js: timing-based plow routing (not applicable to V6)
  - Plow fire logic
  - Belt position tracking

FIRMWARE (current V6):
  Location: firmware/src/
  Key files:
  - config.h: all parameter definitions (source of truth)
  - state_machine.cpp: V6 state definitions and transitions
  - actuators.cpp: stepper control, solenoid control
  - sensors.cpp: size beams, color sensor, stop switch
  - thermal.cpp: heat tracking, threshold checks

ARCHITECTURE DOCS:
  - ARCHITECTURE.md: master system overview, V6 design principles
  - docs/EMBEDDED.md: V6 state machine specification, timing
  - docs/MECHANICAL.md: trapdoor geometry, lever class 3 mechanics
  - docs/ELECTRICAL.md: wiring, solenoid specs (JF-0530B)
  - archive2/MANIFEST.md: V1 vs V6 comparison, design evolution

DECISION RATIONALE:
  Read docs/engineering/decision_matrices/ for:
  - Why chamber-drop vs belt-pusher
  - Why static sensing vs dynamic sensing
  - Why trapdoor vs plow pusher
  - Why pre-committed routing vs timing-based


================================================================================
END OF LOG
================================================================================

NEXT STEP: Start with todo [1] archive-current-sim

QUERY READY TODOS:
  SELECT t.id, t.title FROM todos t
  WHERE t.status = 'pending'
  AND NOT EXISTS (
    SELECT 1 FROM todo_deps td
    JOIN todos dep ON td.depends_on = dep.id
    WHERE td.todo_id = t.id AND dep.status != 'done'
  );

UPDATE TODO STATUS:
  Before starting: UPDATE todos SET status = 'in_progress' WHERE id = 'todo-id';
  After completing: UPDATE todos SET status = 'done' WHERE id = 'todo-id';

================================================================================
